<?xml version="1.0" encoding="UTF-8"?>
<testng-results ignored="0" total="10" passed="10" failed="0" skipped="0">
  <reporter-output>
  </reporter-output>
  <suite started-at="2024-07-12T12:43:18 IST" name="Fortress_TestSuite" finished-at="2024-07-12T12:44:07 IST" duration-ms="49047">
    <groups>
      <group name="Login">
        <method signature="Login_Invalid_TestCases.test_Invalid_Username()[pri:1, instance:zapcg.Capillary.LoginTestCases.Login_Invalid_TestCases@201b6b6f]" name="test_Invalid_Username" class="zapcg.Capillary.LoginTestCases.Login_Invalid_TestCases"/>
        <method signature="Login_Valid_TestCases.Valid_Login()[pri:1, instance:zapcg.Capillary.LoginTestCases.Login_Valid_TestCases@72758afa]" name="Valid_Login" class="zapcg.Capillary.LoginTestCases.Login_Valid_TestCases"/>
        <method signature="Login_Invalid_TestCases.test_Invalid_Password()[pri:2, instance:zapcg.Capillary.LoginTestCases.Login_Invalid_TestCases@201b6b6f]" name="test_Invalid_Password" class="zapcg.Capillary.LoginTestCases.Login_Invalid_TestCases"/>
        <method signature="Login_Invalid_TestCases.test_TooLong_Username()[pri:3, instance:zapcg.Capillary.LoginTestCases.Login_Invalid_TestCases@201b6b6f]" name="test_TooLong_Username" class="zapcg.Capillary.LoginTestCases.Login_Invalid_TestCases"/>
        <method signature="Login_Invalid_TestCases.test_MinLength_Password()[pri:4, instance:zapcg.Capillary.LoginTestCases.Login_Invalid_TestCases@201b6b6f]" name="test_MinLength_Password" class="zapcg.Capillary.LoginTestCases.Login_Invalid_TestCases"/>
        <method signature="Login_Invalid_TestCases.test_Username_WithSpaces()[pri:5, instance:zapcg.Capillary.LoginTestCases.Login_Invalid_TestCases@201b6b6f]" name="test_Username_WithSpaces" class="zapcg.Capillary.LoginTestCases.Login_Invalid_TestCases"/>
        <method signature="Login_Invalid_TestCases.verify_Enabled_LoginButton()[pri:6, instance:zapcg.Capillary.LoginTestCases.Login_Invalid_TestCases@201b6b6f]" name="verify_Enabled_LoginButton" class="zapcg.Capillary.LoginTestCases.Login_Invalid_TestCases"/>
        <method signature="Login_Invalid_TestCases.verify_Disabled_LoginButton_EmptyUsername()[pri:7, instance:zapcg.Capillary.LoginTestCases.Login_Invalid_TestCases@201b6b6f]" name="verify_Disabled_LoginButton_EmptyUsername" class="zapcg.Capillary.LoginTestCases.Login_Invalid_TestCases"/>
        <method signature="Login_Invalid_TestCases.verify_Disabled_LoginButton_EmptyPassword()[pri:8, instance:zapcg.Capillary.LoginTestCases.Login_Invalid_TestCases@201b6b6f]" name="verify_Disabled_LoginButton_EmptyPassword" class="zapcg.Capillary.LoginTestCases.Login_Invalid_TestCases"/>
        <method signature="Login_Invalid_TestCases.verify_Disabled_LoginButton_EmptyUsernamePassword_TestCase10()[pri:9, instance:zapcg.Capillary.LoginTestCases.Login_Invalid_TestCases@201b6b6f]" name="verify_Disabled_LoginButton_EmptyUsernamePassword_TestCase10" class="zapcg.Capillary.LoginTestCases.Login_Invalid_TestCases"/>
      </group> <!-- Login -->
    </groups>
    <test started-at="2024-07-12T12:43:18 IST" name="LoginTestsChromeBrowserTabletPortrait" finished-at="2024-07-12T12:44:07 IST" duration-ms="49047">
      <class name="zapcg.Capillary.LoginTestCases.Login_Invalid_TestCases">
        <test-method is-config="true" signature="initialize(java.lang.String,java.lang.String)[pri:0, instance:zapcg.Capillary.LoginTestCases.Login_Invalid_TestCases@201b6b6f]" started-at="2024-07-12T12:43:34 IST" name="initialize" finished-at="2024-07-12T12:43:37 IST" duration-ms="2820" status="PASS">
          <params>
            <param index="0">
              <value>
                <![CDATA[chrome]]>
              </value>
            </param>
            <param index="1">
              <value>
                <![CDATA[Tablet Portrait]]>
              </value>
            </param>
          </params>
          <reporter-output>
          </reporter-output>
        </test-method> <!-- initialize -->
        <test-method signature="test_Invalid_Username()[pri:1, instance:zapcg.Capillary.LoginTestCases.Login_Invalid_TestCases@201b6b6f]" started-at="2024-07-12T12:43:37 IST" name="test_Invalid_Username" finished-at="2024-07-12T12:43:38 IST" duration-ms="911" status="PASS">
          <reporter-output>
          </reporter-output>
        </test-method> <!-- test_Invalid_Username -->
        <test-method is-config="true" signature="tearDown()[pri:0, instance:zapcg.Capillary.LoginTestCases.Login_Invalid_TestCases@201b6b6f]" started-at="2024-07-12T12:43:38 IST" name="tearDown" finished-at="2024-07-12T12:43:38 IST" duration-ms="149" status="PASS">
          <reporter-output>
          </reporter-output>
        </test-method> <!-- tearDown -->
        <test-method is-config="true" signature="initialize(java.lang.String,java.lang.String)[pri:0, instance:zapcg.Capillary.LoginTestCases.Login_Invalid_TestCases@201b6b6f]" started-at="2024-07-12T12:43:38 IST" name="initialize" finished-at="2024-07-12T12:43:41 IST" duration-ms="2754" status="PASS">
          <params>
            <param index="0">
              <value>
                <![CDATA[chrome]]>
              </value>
            </param>
            <param index="1">
              <value>
                <![CDATA[Tablet Portrait]]>
              </value>
            </param>
          </params>
          <reporter-output>
          </reporter-output>
        </test-method> <!-- initialize -->
        <test-method signature="test_Invalid_Password()[pri:2, instance:zapcg.Capillary.LoginTestCases.Login_Invalid_TestCases@201b6b6f]" started-at="2024-07-12T12:43:41 IST" name="test_Invalid_Password" finished-at="2024-07-12T12:43:42 IST" duration-ms="1745" status="PASS">
          <reporter-output>
          </reporter-output>
        </test-method> <!-- test_Invalid_Password -->
        <test-method is-config="true" signature="tearDown()[pri:0, instance:zapcg.Capillary.LoginTestCases.Login_Invalid_TestCases@201b6b6f]" started-at="2024-07-12T12:43:42 IST" name="tearDown" finished-at="2024-07-12T12:43:43 IST" duration-ms="166" status="PASS">
          <reporter-output>
          </reporter-output>
        </test-method> <!-- tearDown -->
        <test-method is-config="true" signature="initialize(java.lang.String,java.lang.String)[pri:0, instance:zapcg.Capillary.LoginTestCases.Login_Invalid_TestCases@201b6b6f]" started-at="2024-07-12T12:43:43 IST" name="initialize" finished-at="2024-07-12T12:43:46 IST" duration-ms="2973" status="PASS">
          <params>
            <param index="0">
              <value>
                <![CDATA[chrome]]>
              </value>
            </param>
            <param index="1">
              <value>
                <![CDATA[Tablet Portrait]]>
              </value>
            </param>
          </params>
          <reporter-output>
          </reporter-output>
        </test-method> <!-- initialize -->
        <test-method signature="test_TooLong_Username()[pri:3, instance:zapcg.Capillary.LoginTestCases.Login_Invalid_TestCases@201b6b6f]" started-at="2024-07-12T12:43:46 IST" name="test_TooLong_Username" finished-at="2024-07-12T12:43:46 IST" duration-ms="444" status="PASS">
          <reporter-output>
          </reporter-output>
        </test-method> <!-- test_TooLong_Username -->
        <test-method is-config="true" signature="tearDown()[pri:0, instance:zapcg.Capillary.LoginTestCases.Login_Invalid_TestCases@201b6b6f]" started-at="2024-07-12T12:43:46 IST" name="tearDown" finished-at="2024-07-12T12:43:46 IST" duration-ms="132" status="PASS">
          <reporter-output>
          </reporter-output>
        </test-method> <!-- tearDown -->
        <test-method is-config="true" signature="initialize(java.lang.String,java.lang.String)[pri:0, instance:zapcg.Capillary.LoginTestCases.Login_Invalid_TestCases@201b6b6f]" started-at="2024-07-12T12:43:46 IST" name="initialize" finished-at="2024-07-12T12:43:49 IST" duration-ms="2837" status="PASS">
          <params>
            <param index="0">
              <value>
                <![CDATA[chrome]]>
              </value>
            </param>
            <param index="1">
              <value>
                <![CDATA[Tablet Portrait]]>
              </value>
            </param>
          </params>
          <reporter-output>
          </reporter-output>
        </test-method> <!-- initialize -->
        <test-method signature="test_MinLength_Password()[pri:4, instance:zapcg.Capillary.LoginTestCases.Login_Invalid_TestCases@201b6b6f]" started-at="2024-07-12T12:43:49 IST" name="test_MinLength_Password" finished-at="2024-07-12T12:43:49 IST" duration-ms="333" status="PASS">
          <reporter-output>
          </reporter-output>
        </test-method> <!-- test_MinLength_Password -->
        <test-method is-config="true" signature="tearDown()[pri:0, instance:zapcg.Capillary.LoginTestCases.Login_Invalid_TestCases@201b6b6f]" started-at="2024-07-12T12:43:49 IST" name="tearDown" finished-at="2024-07-12T12:43:49 IST" duration-ms="146" status="PASS">
          <reporter-output>
          </reporter-output>
        </test-method> <!-- tearDown -->
        <test-method is-config="true" signature="initialize(java.lang.String,java.lang.String)[pri:0, instance:zapcg.Capillary.LoginTestCases.Login_Invalid_TestCases@201b6b6f]" started-at="2024-07-12T12:43:49 IST" name="initialize" finished-at="2024-07-12T12:43:52 IST" duration-ms="2736" status="PASS">
          <params>
            <param index="0">
              <value>
                <![CDATA[chrome]]>
              </value>
            </param>
            <param index="1">
              <value>
                <![CDATA[Tablet Portrait]]>
              </value>
            </param>
          </params>
          <reporter-output>
          </reporter-output>
        </test-method> <!-- initialize -->
        <test-method signature="test_Username_WithSpaces()[pri:5, instance:zapcg.Capillary.LoginTestCases.Login_Invalid_TestCases@201b6b6f]" started-at="2024-07-12T12:43:52 IST" name="test_Username_WithSpaces" finished-at="2024-07-12T12:43:53 IST" duration-ms="366" status="PASS">
          <reporter-output>
          </reporter-output>
        </test-method> <!-- test_Username_WithSpaces -->
        <test-method is-config="true" signature="tearDown()[pri:0, instance:zapcg.Capillary.LoginTestCases.Login_Invalid_TestCases@201b6b6f]" started-at="2024-07-12T12:43:53 IST" name="tearDown" finished-at="2024-07-12T12:43:53 IST" duration-ms="149" status="PASS">
          <reporter-output>
          </reporter-output>
        </test-method> <!-- tearDown -->
        <test-method is-config="true" signature="initialize(java.lang.String,java.lang.String)[pri:0, instance:zapcg.Capillary.LoginTestCases.Login_Invalid_TestCases@201b6b6f]" started-at="2024-07-12T12:43:53 IST" name="initialize" finished-at="2024-07-12T12:43:55 IST" duration-ms="2739" status="PASS">
          <params>
            <param index="0">
              <value>
                <![CDATA[chrome]]>
              </value>
            </param>
            <param index="1">
              <value>
                <![CDATA[Tablet Portrait]]>
              </value>
            </param>
          </params>
          <reporter-output>
          </reporter-output>
        </test-method> <!-- initialize -->
        <test-method signature="verify_Enabled_LoginButton()[pri:6, instance:zapcg.Capillary.LoginTestCases.Login_Invalid_TestCases@201b6b6f]" started-at="2024-07-12T12:43:55 IST" name="verify_Enabled_LoginButton" finished-at="2024-07-12T12:43:56 IST" duration-ms="912" status="PASS">
          <reporter-output>
          </reporter-output>
        </test-method> <!-- verify_Enabled_LoginButton -->
        <test-method is-config="true" signature="tearDown()[pri:0, instance:zapcg.Capillary.LoginTestCases.Login_Invalid_TestCases@201b6b6f]" started-at="2024-07-12T12:43:56 IST" name="tearDown" finished-at="2024-07-12T12:43:58 IST" duration-ms="1715" status="PASS">
          <reporter-output>
          </reporter-output>
        </test-method> <!-- tearDown -->
        <test-method is-config="true" signature="initialize(java.lang.String,java.lang.String)[pri:0, instance:zapcg.Capillary.LoginTestCases.Login_Invalid_TestCases@201b6b6f]" started-at="2024-07-12T12:43:58 IST" name="initialize" finished-at="2024-07-12T12:44:01 IST" duration-ms="2708" status="PASS">
          <params>
            <param index="0">
              <value>
                <![CDATA[chrome]]>
              </value>
            </param>
            <param index="1">
              <value>
                <![CDATA[Tablet Portrait]]>
              </value>
            </param>
          </params>
          <reporter-output>
          </reporter-output>
        </test-method> <!-- initialize -->
        <test-method signature="verify_Disabled_LoginButton_EmptyUsername()[pri:7, instance:zapcg.Capillary.LoginTestCases.Login_Invalid_TestCases@201b6b6f]" started-at="2024-07-12T12:44:01 IST" name="verify_Disabled_LoginButton_EmptyUsername" finished-at="2024-07-12T12:44:01 IST" duration-ms="170" status="PASS">
          <reporter-output>
          </reporter-output>
        </test-method> <!-- verify_Disabled_LoginButton_EmptyUsername -->
        <test-method is-config="true" signature="tearDown()[pri:0, instance:zapcg.Capillary.LoginTestCases.Login_Invalid_TestCases@201b6b6f]" started-at="2024-07-12T12:44:01 IST" name="tearDown" finished-at="2024-07-12T12:44:01 IST" duration-ms="122" status="PASS">
          <reporter-output>
          </reporter-output>
        </test-method> <!-- tearDown -->
        <test-method is-config="true" signature="initialize(java.lang.String,java.lang.String)[pri:0, instance:zapcg.Capillary.LoginTestCases.Login_Invalid_TestCases@201b6b6f]" started-at="2024-07-12T12:44:01 IST" name="initialize" finished-at="2024-07-12T12:44:04 IST" duration-ms="2670" status="PASS">
          <params>
            <param index="0">
              <value>
                <![CDATA[chrome]]>
              </value>
            </param>
            <param index="1">
              <value>
                <![CDATA[Tablet Portrait]]>
              </value>
            </param>
          </params>
          <reporter-output>
          </reporter-output>
        </test-method> <!-- initialize -->
        <test-method signature="verify_Disabled_LoginButton_EmptyPassword()[pri:8, instance:zapcg.Capillary.LoginTestCases.Login_Invalid_TestCases@201b6b6f]" started-at="2024-07-12T12:44:04 IST" name="verify_Disabled_LoginButton_EmptyPassword" finished-at="2024-07-12T12:44:04 IST" duration-ms="226" status="PASS">
          <reporter-output>
          </reporter-output>
        </test-method> <!-- verify_Disabled_LoginButton_EmptyPassword -->
        <test-method is-config="true" signature="tearDown()[pri:0, instance:zapcg.Capillary.LoginTestCases.Login_Invalid_TestCases@201b6b6f]" started-at="2024-07-12T12:44:04 IST" name="tearDown" finished-at="2024-07-12T12:44:04 IST" duration-ms="123" status="PASS">
          <reporter-output>
          </reporter-output>
        </test-method> <!-- tearDown -->
        <test-method is-config="true" signature="initialize(java.lang.String,java.lang.String)[pri:0, instance:zapcg.Capillary.LoginTestCases.Login_Invalid_TestCases@201b6b6f]" started-at="2024-07-12T12:44:04 IST" name="initialize" finished-at="2024-07-12T12:44:07 IST" duration-ms="2766" status="PASS">
          <params>
            <param index="0">
              <value>
                <![CDATA[chrome]]>
              </value>
            </param>
            <param index="1">
              <value>
                <![CDATA[Tablet Portrait]]>
              </value>
            </param>
          </params>
          <reporter-output>
          </reporter-output>
        </test-method> <!-- initialize -->
        <test-method signature="verify_Disabled_LoginButton_EmptyUsernamePassword_TestCase10()[pri:9, instance:zapcg.Capillary.LoginTestCases.Login_Invalid_TestCases@201b6b6f]" started-at="2024-07-12T12:44:07 IST" name="verify_Disabled_LoginButton_EmptyUsernamePassword_TestCase10" finished-at="2024-07-12T12:44:07 IST" duration-ms="152" status="PASS">
          <reporter-output>
          </reporter-output>
        </test-method> <!-- verify_Disabled_LoginButton_EmptyUsernamePassword_TestCase10 -->
        <test-method is-config="true" signature="tearDown()[pri:0, instance:zapcg.Capillary.LoginTestCases.Login_Invalid_TestCases@201b6b6f]" started-at="2024-07-12T12:44:07 IST" name="tearDown" finished-at="2024-07-12T12:44:07 IST" duration-ms="129" status="PASS">
          <reporter-output>
          </reporter-output>
        </test-method> <!-- tearDown -->
      </class> <!-- zapcg.Capillary.LoginTestCases.Login_Invalid_TestCases -->
      <class name="zapcg.Capillary.LoginTestCases.Login_Valid_TestCases">
        <test-method is-config="true" signature="initialize(java.lang.String,java.lang.String)[pri:0, instance:zapcg.Capillary.LoginTestCases.Login_Valid_TestCases@72758afa]" started-at="2024-07-12T12:43:18 IST" name="initialize" finished-at="2024-07-12T12:43:32 IST" duration-ms="14275" status="PASS">
          <params>
            <param index="0">
              <value>
                <![CDATA[chrome]]>
              </value>
            </param>
            <param index="1">
              <value>
                <![CDATA[Tablet Portrait]]>
              </value>
            </param>
          </params>
          <reporter-output>
          </reporter-output>
        </test-method> <!-- initialize -->
        <test-method signature="Valid_Login()[pri:1, instance:zapcg.Capillary.LoginTestCases.Login_Valid_TestCases@72758afa]" started-at="2024-07-12T12:43:32 IST" name="Valid_Login" finished-at="2024-07-12T12:43:34 IST" duration-ms="1516" status="PASS">
          <reporter-output>
          </reporter-output>
        </test-method> <!-- Valid_Login -->
        <test-method is-config="true" signature="tearDown()[pri:0, instance:zapcg.Capillary.LoginTestCases.Login_Valid_TestCases@72758afa]" started-at="2024-07-12T12:43:34 IST" name="tearDown" finished-at="2024-07-12T12:43:34 IST" duration-ms="104" status="PASS">
          <reporter-output>
          </reporter-output>
        </test-method> <!-- tearDown -->
      </class> <!-- zapcg.Capillary.LoginTestCases.Login_Valid_TestCases -->
    </test> <!-- LoginTestsChromeBrowserTabletPortrait -->
  </suite> <!-- Fortress_TestSuite -->
</testng-results>
