<?xml version="1.0" encoding="UTF-8"?>
<testsuite xmlns:xsi="http://www.w3.org/2001/XMLSchema-instance" xsi:noNamespaceSchemaLocation="https://maven.apache.org/surefire/maven-surefire-plugin/xsd/surefire-test-report-3.0.xsd" version="3.0" name="TestSuite" time="50.411" tests="10" errors="0" skipped="0" failures="0">
  <properties>
[...]
</properties>
  <testcase name="Valid_Login" classname="zapcg.Capillary.LoginTestCases.Login_Valid_TestCases" time="1.504">
    <system-out><![CDATA[Before navigating to URL
After navigating to URL
Browser got opened
Current URL: https://d3che4praaad7h.cloudfront.net/login
HTML Source of the element:
<div id="root"><div class="App"><div class="MuiGrid-root MuiGrid-container login-nav css-8rnkcc" id="LGMENU" data-testid="LGMENU"><div class="MuiGrid-root MuiGrid-item MuiGrid-grid-xs-12 main-grid css-15j76c0"><div class="button" id="LGMENUI0" data-testid="LGMENUI0"><div class="MuiBox-root css-g9yypl"><img src="data:image/svg+xml,%3csvg%20width='15'%20height='15'%20viewBox='0%200%2015%2015'%20fill='none'%20xmlns='http://www.w3.org/2000/svg'%3e%3cpath%20d='M7.5%200C3.3612%200%200%203.3651%200%207.49749C0%2011.6299%203.36622%2015%207.5%2015C11.6338%2015%2015%2011.6349%2015%207.50251C15%203.37011%2011.6388%200%207.5%200ZM13.0836%204.59378H10.6856C10.3746%203.47041%209.87793%202.41224%209.22074%201.44433C10.9013%201.92076%2012.291%203.07924%2013.0836%204.59378ZM13.796%207.50251C13.796%208.09428%2013.7157%208.666%2013.5602%209.20762H10.9465C11.0368%208.64594%2011.0819%208.07422%2011.0819%207.49749C11.0819%206.92578%2011.0368%206.35406%2010.9515%205.79739H13.5652C13.7157%206.33902%2013.796%206.91073%2013.796%207.50251ZM5.6087%2010.4112H9.42642C9.02508%2011.67%208.36789%2012.8134%207.52007%2013.7864C6.66722%2012.8134%206.01003%2011.665%205.6087%2010.4112ZM5.30769%209.20762C5.20736%208.65095%205.15217%208.07924%205.15217%207.49749C5.15217%206.91575%205.20234%206.34905%205.30268%205.79739H9.72742C9.82776%206.34905%209.87793%206.91575%209.87793%207.49749C9.87793%208.07924%209.82274%208.65095%209.72241%209.20762H5.30769ZM1.20401%207.50251C1.20401%206.91073%201.28428%206.34403%201.4398%205.80241H4.08361C3.99833%206.35908%203.95318%206.92578%203.95318%207.50251C3.95318%208.07924%203.99833%208.65095%204.08863%209.21264H1.44482C1.28428%208.666%201.20401%208.08927%201.20401%207.50251ZM7.51505%201.20863C8.36789%202.18154%209.02508%203.33501%209.42642%204.59378H5.59866C6.00502%203.33501%206.66221%202.18154%207.51505%201.20863ZM5.81438%201.4343C5.15217%202.40221%204.65552%203.47041%204.34448%204.59378H1.91639C2.71405%203.06921%204.12375%201.90572%205.81438%201.4343ZM1.91639%2010.4112H4.34448C4.66054%2011.5346%205.15719%2012.6028%205.8194%2013.5707C4.12876%2013.0993%202.71906%2011.9408%201.91639%2010.4112ZM9.21572%2013.5607C9.87793%2012.5928%2010.3696%2011.5346%2010.6856%2010.4112H13.0836C12.291%2011.9258%2010.8963%2013.0843%209.21572%2013.5607Z'%20fill='white'/%3e%3c/svg%3e" alt="">日本語</div></div></div></div><div class="login-page-container" id="LSCONT" data-testid="LSCONT"><div class="MuiGrid-root MuiGrid-container login-container css-1d3bbye"><div class="MuiGrid-root MuiGrid-item MuiGrid-grid-xs-12 css-qghdwx"><div class="login-avatar-container MuiBox-root css-0" id="LSACONT" data-testid="LSACONT"><div class="MuiAvatar-root MuiAvatar-circular login-avatar css-1pzo9w0" data-testid="LSAVT"><img alt="Logo" src="/assets/goToPass-B6-2E-T1.svg" class="MuiAvatar-img css-1hy9t21"></div><h1 class="MuiTypography-root MuiTypography-h1 css-1xzpl5u" id="LS008" data-testid="LS008">スタッフログイン</h1></div><div class="mb-15px"><h6 class="MuiTypography-root MuiTypography-subtitle1 css-7wu77b" id="LS002LB" data-testid="LS002LB">ユーザー名</h6><div class="MuiFormControl-root MuiTextField-root css-nc0ual" data-testid="LS002"><div class="MuiInputBase-root MuiOutlinedInput-root MuiInputBase-colorPrimary MuiInputBase-formControl css-5shuqd"><input aria-invalid="false" id="LS002IN" placeholder="従業員IDを入力してください" type="text" data-testid="LS002IN" class="MuiInputBase-input MuiOutlinedInput-input css-zkday4" value=""><fieldset aria-hidden="true" class="MuiOutlinedInput-notchedOutline css-dvxk3a"><legend class="css-ihdtdm"><span class="notranslate">​</span></legend></fieldset></div></div></div><div class="mb-15px"><h6 class="MuiTypography-root MuiTypography-subtitle1 css-7wu77b" id="LS003LB" data-testid="LS003LB">パスワード</h6><div class="MuiFormControl-root MuiTextField-root css-nc0ual" data-testid="LS003"><div class="MuiInputBase-root MuiOutlinedInput-root MuiInputBase-colorPrimary MuiInputBase-formControl css-5shuqd"><input aria-invalid="false" id="LS003IN" placeholder="パスワードを入力する" type="password" data-testid="LS003IN" class="MuiInputBase-input MuiOutlinedInput-input css-zkday4" value=""><fieldset aria-hidden="true" class="MuiOutlinedInput-notchedOutline css-dvxk3a"><legend class="css-ihdtdm"><span class="notranslate">​</span></legend></fieldset></div></div></div><button class="MuiButtonBase-root MuiButton-root MuiButton-contained MuiButton-containedPrimary MuiButton-sizeMedium MuiButton-containedSizeMedium MuiButton-colorPrimary Mui-disabled MuiButton-root MuiButton-contained MuiButton-containedPrimary MuiButton-sizeMedium MuiButton-containedSizeMedium MuiButton-colorPrimary css-y7km40" tabindex="-1" type="button" disabled="" data-testid="LS004B" id="LS004B"><div style="display: flex; align-items: center;"><span>ログイン</span></div></button></div></div></div></div></div>
Now we will try to change the default language to English language
Clicked on default language change element.
Able to change the default language to English language
 Test case started: Valid_Login
Successfully navigated to the Location screen
]]></system-out>
  </testcase>
  <testcase name="test_Invalid_Username" classname="zapcg.Capillary.LoginTestCases.Login_Invalid_TestCases" time="0.911">
    <system-out><![CDATA[The name of the testcase passed is : Valid_Login
Test execution completed on ChromeDriver with device: Tablet Portrait
Before navigating to URL
After navigating to URL
Now we will try to change the default language to English language
Clicked on default language change element.
Able to change the default language to English language
 Test case started: test_Invalid_Username
Error message is displayed.
Actual error message for Invalid Username:Your account is locked. Ask your manager to unlock the account.
]]></system-out>
  </testcase>
  <testcase name="test_Invalid_Password" classname="zapcg.Capillary.LoginTestCases.Login_Invalid_TestCases" time="1.738">
    <system-out><![CDATA[The name of the testcase passed is : test_Invalid_Username
Test execution completed on ChromeDriver with device: Tablet Portrait
Before navigating to URL
After navigating to URL
Now we will try to change the default language to English language
Clicked on default language change element.
Able to change the default language to English language
 Test case started: test_Invalid_Password
Error message is displayed.
Actual error message for Invalid Password:Invalid Username or Password. Try again.
]]></system-out>
  </testcase>
  <testcase name="test_TooLong_Username" classname="zapcg.Capillary.LoginTestCases.Login_Invalid_TestCases" time="0.444">
    <system-out><![CDATA[The name of the testcase passed is : test_Invalid_Password
Test execution completed on ChromeDriver with device: Tablet Portrait
Before navigating to URL
After navigating to URL
Now we will try to change the default language to English language
Clicked on default language change element.
Able to change the default language to English language
 Test case started: test_TooLong_Username
Actual error message for max length username:Username must be less than 50 characters
The error message is displayed.
]]></system-out>
  </testcase>
  <testcase name="test_MinLength_Password" classname="zapcg.Capillary.LoginTestCases.Login_Invalid_TestCases" time="0.33">
    <system-out><![CDATA[The name of the testcase passed is : test_TooLong_Username
Test execution completed on ChromeDriver with device: Tablet Portrait
Before navigating to URL
After navigating to URL
Now we will try to change the default language to English language
Clicked on default language change element.
Able to change the default language to English language
 Test case started: test_MinLength_Password
Actual error message for min password length:Password must be at least 8 characters
The error message is displayed.
]]></system-out>
  </testcase>
  <testcase name="test_Username_WithSpaces" classname="zapcg.Capillary.LoginTestCases.Login_Invalid_TestCases" time="0.359">
    <system-out><![CDATA[The name of the testcase passed is : test_MinLength_Password
Test execution completed on ChromeDriver with device: Tablet Portrait
Before navigating to URL
After navigating to URL
Now we will try to change the default language to English language
Clicked on default language change element.
Able to change the default language to English language
 Test case started: test_Username_WithSpaces
Actual error message for space not allowed in username:Username must not contain any spaces
The error message is displayed.
]]></system-out>
  </testcase>
  <testcase name="verify_Enabled_LoginButton" classname="zapcg.Capillary.LoginTestCases.Login_Invalid_TestCases" time="0.905">
    <system-out><![CDATA[The name of the testcase passed is : test_Username_WithSpaces
Test execution completed on ChromeDriver with device: Tablet Portrait
Before navigating to URL
After navigating to URL
Now we will try to change the default language to English language
Clicked on default language change element.
Able to change the default language to English language
 Test case started: verify_Enabled_LoginButton
The login button is enabled.
]]></system-out>
  </testcase>
  <testcase name="verify_Disabled_LoginButton_EmptyUsername" classname="zapcg.Capillary.LoginTestCases.Login_Invalid_TestCases" time="0.171">
    <system-out><![CDATA[The name of the testcase passed is : verify_Enabled_LoginButton
Test execution completed on ChromeDriver with device: Tablet Portrait
Before navigating to URL
After navigating to URL
Now we will try to change the default language to English language
Clicked on default language change element.
Able to change the default language to English language
 Test case started: verify_Disabled_LoginButton_EmptyUsername
Button is disabled
]]></system-out>
  </testcase>
  <testcase name="verify_Disabled_LoginButton_EmptyPassword" classname="zapcg.Capillary.LoginTestCases.Login_Invalid_TestCases" time="0.227">
    <system-out><![CDATA[The name of the testcase passed is : verify_Disabled_LoginButton_EmptyUsername
Test execution completed on ChromeDriver with device: Tablet Portrait
Before navigating to URL
After navigating to URL
Now we will try to change the default language to English language
Clicked on default language change element.
Able to change the default language to English language
 Test case started: verify_Disabled_LoginButton_EmptyPassword
Login button is disabled when username is empty: true
]]></system-out>
  </testcase>
  <testcase name="verify_Disabled_LoginButton_EmptyUsernamePassword_TestCase10" classname="zapcg.Capillary.LoginTestCases.Login_Invalid_TestCases" time="0.15">
    <system-out><![CDATA[The name of the testcase passed is : verify_Disabled_LoginButton_EmptyPassword
Test execution completed on ChromeDriver with device: Tablet Portrait
Before navigating to URL
After navigating to URL
Now we will try to change the default language to English language
Clicked on default language change element.
Able to change the default language to English language
 Test case started: verify_Disabled_LoginButton_EmptyUsernamePassword_TestCase10
Login button is disabled when username is empty: true
]]></system-out>
  </testcase>
</testsuite>