<?xml version="1.0" encoding="UTF-8"?>
<!-- Generated by org.testng.reporters.JUnitXMLReporter -->
<testsuite ignored="0" hostname="ZCBLRLP0293" failures="1" tests="1" name="LoginTestsChromeBrowserTabletPortrait" time="17.732" errors="0" timestamp="2024-06-18T17:48:50 IST">
  <testcase classname="zapcg.Capillary.LocationPageTestCases.Location_TestCases" name="verifyHeaderOfMemberLookupScreen" time="11.059">
    <failure type="java.lang.AssertionError" message="The second dropdown selection does not partially match on the next page.">
      <![CDATA[java.lang.AssertionError: The second dropdown selection does not partially match on the next page.
at zapcg.Capillary.LocationPageTestCases.Location_TestCases.verifyHeaderOfMemberLookupScreen(Location_TestCases.java:133)
at java.base/java.util.ArrayList.forEach(ArrayList.java:1511)
at java.base/java.util.concurrent.FutureTask.run(FutureTask.java:264)
at java.base/java.util.concurrent.ThreadPoolExecutor.runWorker(ThreadPoolExecutor.java:1130)
at java.base/java.util.concurrent.ThreadPoolExecutor$Worker.run(ThreadPoolExecutor.java:630)
at java.base/java.lang.Thread.run(Thread.java:832)
... Removed 17 stack frames]]>
    </failure>
  </testcase> <!-- verifyHeaderOfMemberLookupScreen -->
</testsuite> <!-- LoginTestsChromeBrowserTabletPortrait -->
